0 info it worked if it ends with ok
1 verbose cli [ '/usr/local/bin/node', '/usr/local/bin/npm', 'run', 'dev' ]
2 info using npm@3.8.9
3 info using node@v6.2.0
4 verbose run-script [ 'predev', 'dev', 'postdev' ]
5 info lifecycle rechargeB@1.0.0~predev: rechargeB@1.0.0
6 silly lifecycle rechargeB@1.0.0~predev: no script for predev, continuing
7 info lifecycle rechargeB@1.0.0~dev: rechargeB@1.0.0
8 verbose lifecycle rechargeB@1.0.0~dev: unsafe-perm in lifecycle true
9 verbose lifecycle rechargeB@1.0.0~dev: PATH: /usr/local/lib/node_modules/npm/bin/node-gyp-bin:/Users/yaya/Desktop/project/prepaid_portal/view/node_modules/.bin:/usr/local/bin:/Users/yaya/desktop/mongodb/bin:/Library/Frameworks/Python.framework/Versions/3.6/bin:/Library/Frameworks/Python.framework/Versions/3.5/bin:/usr/local/bin:/usr/bin:/bin:/usr/sbin:/sbin:/Users/yaya/Documents/mongodb-osx-x86_64-3.4.2/bin
10 verbose lifecycle rechargeB@1.0.0~dev: CWD: /Users/yaya/Desktop/project/prepaid_portal/view
11 silly lifecycle rechargeB@1.0.0~dev: Args: [ '-c', 'gulp del_dev_npm && gulp dev' ]
12 silly lifecycle rechargeB@1.0.0~dev: Returned: code: 1  signal: null
13 info lifecycle rechargeB@1.0.0~dev: Failed to exec dev script
14 verbose stack Error: rechargeB@1.0.0 dev: `gulp del_dev_npm && gulp dev`
14 verbose stack Exit status 1
14 verbose stack     at EventEmitter.<anonymous> (/usr/local/lib/node_modules/npm/lib/utils/lifecycle.js:245:16)
14 verbose stack     at emitTwo (events.js:106:13)
14 verbose stack     at EventEmitter.emit (events.js:191:7)
14 verbose stack     at ChildProcess.<anonymous> (/usr/local/lib/node_modules/npm/lib/utils/spawn.js:24:14)
14 verbose stack     at emitTwo (events.js:106:13)
14 verbose stack     at ChildProcess.emit (events.js:191:7)
14 verbose stack     at maybeClose (internal/child_process.js:850:16)
14 verbose stack     at Process.ChildProcess._handle.onexit (internal/child_process.js:215:5)
15 verbose pkgid rechargeB@1.0.0
16 verbose cwd /Users/yaya/Desktop/project/prepaid_portal/view
17 error Darwin 16.5.0
18 error argv "/usr/local/bin/node" "/usr/local/bin/npm" "run" "dev"
19 error node v6.2.0
20 error npm  v3.8.9
21 error code ELIFECYCLE
22 error rechargeB@1.0.0 dev: `gulp del_dev_npm && gulp dev`
22 error Exit status 1
23 error Failed at the rechargeB@1.0.0 dev script 'gulp del_dev_npm && gulp dev'.
23 error Make sure you have the latest version of node.js and npm installed.
23 error If you do, this is most likely a problem with the rechargeB package,
23 error not with npm itself.
23 error Tell the author that this fails on your system:
23 error     gulp del_dev_npm && gulp dev
23 error You can get information on how to open an issue for this project with:
23 error     npm bugs rechargeB
23 error Or if that isn't available, you can get their info via:
23 error     npm owner ls rechargeB
23 error There is likely additional logging output above.
24 verbose exit [ 1, true ]
